<?xml version="1.0" encoding="UTF-8"?>
<!-- Generated by org.testng.reporters.JUnitReportReporter -->
<testsuite hostname="Nefaur" failures="0" tests="1" name="com.business.tests.Giftcardmall_ImageandTextDownload2" time="312.459" errors="0" timestamp="11 Sep 2018 23:51:18 GMT" skipped="0">
  <testcase classname="com.business.tests.Giftcardmall_ImageandTextDownload2" name="imgandTextDown" time="312.459"/>
</testsuite> <!-- com.business.tests.Giftcardmall_ImageandTextDownload2 -->
