<?xml version="1.0" encoding="UTF-8"?>
<!-- Generated by org.testng.reporters.JUnitReportReporter -->
<testsuite hostname="Nefaur" failures="0" tests="1" name="com.business.tests.ImageandTextDownload" time="90.205" errors="0" timestamp="07 Sep 2018 23:48:44 GMT" skipped="0">
  <testcase classname="com.business.tests.ImageandTextDownload" name="imgandTextDown" time="90.205"/>
</testsuite> <!-- com.business.tests.ImageandTextDownload -->
